<?xml version="1.0" encoding="UTF-8"?>
<!-- Generated by org.testng.reporters.JUnitXMLReporter -->
<testsuite hostname="LKNDSS5CJCRQ2" ignored="0" name="TwentySevenTec Test" tests="4" failures="0" timestamp="27 May 2020 09:14:27 GMT" time="109.08" errors="0">
  <testcase name="loginTest" time="1.902" classname="twentySevenTec.testCases.TC_001_TwentySevenTecLogin"/>
  <testcase name="MortgageRequirements" time="32.888" classname="twentySevenTec.testCases.TC_002_TwentySevenMortgageRequirements"/>
  <testcase name="ApplicantDetails" time="23.813" classname="twentySevenTec.testCases.TC_003_TwentySevenApplicantDetails"/>
  <testcase name="PropertyDetails" time="18.142" classname="twentySevenTec.testCases.TC_004_TwentySevenPropertyDetails"/>
</testsuite> <!-- TwentySevenTec Test -->
