<?xml version="1.0" encoding="UTF-8"?>
<testng-results ignored="0" total="1" passed="1" failed="0" skipped="0">
  <reporter-output>
  </reporter-output>
  <suite started-at="2020-05-26T09:47:47Z" name="TwentySevenTecV1" finished-at="2020-05-26T09:48:01Z" duration-ms="14161">
    <groups>
    </groups>
    <test started-at="2020-05-26T09:47:47Z" name="TwentySevenTec Test" finished-at="2020-05-26T09:48:01Z" duration-ms="14161">
      <class name="twentySevenTec.testCases.TC_001_TwentySevenTecLogin">
        <test-method is-config="true" signature="setup()[pri:0, instance:twentySevenTec.testCases.TC_001_TwentySevenTecLogin@44a7bfbc]" started-at="2020-05-26T09:47:47Z" name="setup" finished-at="2020-05-26T09:47:51Z" duration-ms="4508" status="PASS">
          <reporter-output>
          </reporter-output>
        </test-method> <!-- setup -->
        <test-method signature="loginTest()[pri:0, instance:twentySevenTec.testCases.TC_001_TwentySevenTecLogin@44a7bfbc]" started-at="2020-05-26T09:47:51Z" name="loginTest" finished-at="2020-05-26T09:47:57Z" duration-ms="6026" status="PASS">
          <reporter-output>
          </reporter-output>
        </test-method> <!-- loginTest -->
        <test-method is-config="true" signature="tearDown()[pri:0, instance:twentySevenTec.testCases.TC_001_TwentySevenTecLogin@44a7bfbc]" started-at="2020-05-26T09:47:57Z" name="tearDown" finished-at="2020-05-26T09:48:01Z" duration-ms="3601" status="PASS">
          <reporter-output>
          </reporter-output>
        </test-method> <!-- tearDown -->
      </class> <!-- twentySevenTec.testCases.TC_001_TwentySevenTecLogin -->
    </test> <!-- TwentySevenTec Test -->
  </suite> <!-- TwentySevenTecV1 -->
</testng-results>
